app/build/intermediates/manifest_merge_blame_file/debug/manifest-merger-blame-debug-report.txt
1<?xml version="1.0" encoding="utf-8"?>
2<manifest xmlns:android="http://schemas.android.com/apk/res/android"
3    package="com.dnake.security"
4    android:versionCode="1"
5    android:versionName="1.0" >
6
7    <uses-sdk
7-->src\main\AndroidManifest.xml:7:5-9:41
8        android:minSdkVersion="16"
8-->src\main\AndroidManifest.xml:8:9-35
9        android:targetSdkVersion="22" />
9-->src\main\AndroidManifest.xml:9:9-38
10
11    <uses-permission android:name="android.permission.INTERNET" />
11-->src\main\AndroidManifest.xml:11:5-67
11-->src\main\AndroidManifest.xml:11:22-64
12    <uses-permission android:name="android.permission.RECEIVE_BOOT_COMPLETED" />
12-->src\main\AndroidManifest.xml:12:5-81
12-->src\main\AndroidManifest.xml:12:22-78
13    <uses-permission android:name="android.permission.WAKE_LOCK" />
13-->src\main\AndroidManifest.xml:13:5-68
13-->src\main\AndroidManifest.xml:13:22-65
14    <uses-permission android:name="android.permission.SYSTEM_ALERT_WINDOW" />
14-->src\main\AndroidManifest.xml:14:5-78
14-->src\main\AndroidManifest.xml:14:22-75
15    <uses-permission android:name="android.permission.SYSTEM_OVERLAY_WINDOW" />
15-->src\main\AndroidManifest.xml:15:5-80
15-->src\main\AndroidManifest.xml:15:22-77
16    <uses-permission android:name="android.permission.READ_EXTERNAL_STORAGE" />
16-->src\main\AndroidManifest.xml:16:5-80
16-->src\main\AndroidManifest.xml:16:22-77
17    <uses-permission android:name="android.permission.WRITE_EXTERNAL_STORAGE" />
17-->src\main\AndroidManifest.xml:17:5-81
17-->src\main\AndroidManifest.xml:17:22-78
18
19    <application
19-->src\main\AndroidManifest.xml:19:5-101:19
20        android:allowBackup="true"
20-->src\main\AndroidManifest.xml:20:9-35
21        android:appComponentFactory="androidx.core.app.CoreComponentFactory"
21-->[androidx.core:core:1.3.1] AndroidManifest.xml:24:18-86
22        android:debuggable="true"
23        android:hardwareAccelerated="true"
23-->src\main\AndroidManifest.xml:21:9-43
24        android:icon="@drawable/ic_launcher"
24-->src\main\AndroidManifest.xml:22:9-45
25        android:label="@string/app_name"
25-->src\main\AndroidManifest.xml:23:9-41
26        android:persistent="true"
26-->src\main\AndroidManifest.xml:24:9-34
27        android:supportsRtl="true"
27-->src\main\AndroidManifest.xml:25:9-35
28        android:testOnly="true"
29        android:theme="@style/AppBaseTheme" >
29-->src\main\AndroidManifest.xml:26:9-44
30        <activity
30-->src\main\AndroidManifest.xml:27:9-34:20
31            android:name="com.dnake.security.activity.IpcActivity"
31-->src\main\AndroidManifest.xml:28:13-49
32            android:launchMode="singleTask"
32-->src\main\AndroidManifest.xml:29:13-44
33            android:screenOrientation="landscape" >
33-->src\main\AndroidManifest.xml:30:13-50
34            <intent-filter>
34-->src\main\AndroidManifest.xml:31:13-33:29
35                <action android:name="com.dnake.security.activity.IpcActivity" />
35-->src\main\AndroidManifest.xml:32:17-82
35-->src\main\AndroidManifest.xml:32:25-79
36            </intent-filter>
37        </activity>
38        <activity
38-->src\main\AndroidManifest.xml:35:9-38:53
39            android:name="com.dnake.security.activity.PasswordActivity"
39-->src\main\AndroidManifest.xml:36:13-54
40            android:launchMode="singleTask"
40-->src\main\AndroidManifest.xml:37:13-44
41            android:screenOrientation="landscape" />
41-->src\main\AndroidManifest.xml:38:13-50
42        <activity
42-->src\main\AndroidManifest.xml:39:9-42:53
43            android:name="com.dnake.security.activity.SceneActivity"
43-->src\main\AndroidManifest.xml:40:13-51
44            android:launchMode="singleTask"
44-->src\main\AndroidManifest.xml:41:13-44
45            android:screenOrientation="landscape" />
45-->src\main\AndroidManifest.xml:42:13-50
46        <activity
46-->src\main\AndroidManifest.xml:43:9-46:53
47            android:name="com.dnake.security.activity.ZoneActivity"
47-->src\main\AndroidManifest.xml:44:13-50
48            android:launchMode="singleTask"
48-->src\main\AndroidManifest.xml:45:13-44
49            android:screenOrientation="landscape" />
49-->src\main\AndroidManifest.xml:46:13-50
50
51        <service android:name="com.dnake.v700.security" >
51-->src\main\AndroidManifest.xml:48:9-52:19
51-->src\main\AndroidManifest.xml:48:18-56
52            <intent-filter>
52-->src\main\AndroidManifest.xml:49:13-51:29
53                <action android:name="com.dnake.v700.security" />
53-->src\main\AndroidManifest.xml:50:17-66
53-->src\main\AndroidManifest.xml:50:25-63
54            </intent-filter>
55        </service>
56
57        <receiver android:name="com.dnake.security.SysReceiver" >
57-->src\main\AndroidManifest.xml:54:9-67:14
57-->src\main\AndroidManifest.xml:54:19-46
58            <intent-filter>
58-->src\main\AndroidManifest.xml:55:13-57:29
59                <action android:name="android.intent.action.BOOT_COMPLETED" />
59-->src\main\AndroidManifest.xml:56:17-79
59-->src\main\AndroidManifest.xml:56:25-76
60            </intent-filter>
61            <intent-filter>
61-->src\main\AndroidManifest.xml:58:13-60:29
62                <action android:name="com.dnake.broadcast" />
62-->src\main\AndroidManifest.xml:59:17-62
62-->src\main\AndroidManifest.xml:59:25-59
63            </intent-filter>
64            <intent-filter>
64-->src\main\AndroidManifest.xml:61:13-63:29
65                <action android:name="com.dnake.doorAlarm" />
65-->src\main\AndroidManifest.xml:62:17-62
65-->src\main\AndroidManifest.xml:62:25-59
66            </intent-filter>
67            <intent-filter>
67-->src\main\AndroidManifest.xml:64:13-66:29
68                <action android:name="com.dnake.defence" />
68-->src\main\AndroidManifest.xml:65:17-60
68-->src\main\AndroidManifest.xml:65:25-57
69            </intent-filter>
70        </receiver>
71
72        <activity
72-->src\main\AndroidManifest.xml:68:9-76:20
73            android:name="com.dnake.security.MainActivity"
73-->src\main\AndroidManifest.xml:69:13-41
74            android:launchMode="singleTask"
74-->src\main\AndroidManifest.xml:70:13-44
75            android:screenOrientation="landscape" >
75-->src\main\AndroidManifest.xml:71:13-50
76            <intent-filter>
76-->src\main\AndroidManifest.xml:72:13-75:29
77                <action android:name="android.intent.action.MAIN" />
77-->src\main\AndroidManifest.xml:73:17-69
77-->src\main\AndroidManifest.xml:73:25-66
78
79                <category android:name="android.intent.category.LAUNCHER" />
79-->src\main\AndroidManifest.xml:74:17-77
79-->src\main\AndroidManifest.xml:74:27-74
80            </intent-filter>
81        </activity>
82        <activity
82-->src\main\AndroidManifest.xml:77:9-80:53
83            android:name="com.dnake.security.DefenceLabel"
83-->src\main\AndroidManifest.xml:78:13-41
84            android:launchMode="singleTask"
84-->src\main\AndroidManifest.xml:79:13-44
85            android:screenOrientation="landscape" />
85-->src\main\AndroidManifest.xml:80:13-50
86        <activity
86-->src\main\AndroidManifest.xml:81:9-84:53
87            android:name="com.dnake.security.ZoneLabel"
87-->src\main\AndroidManifest.xml:82:13-38
88            android:launchMode="singleTask"
88-->src\main\AndroidManifest.xml:83:13-44
89            android:screenOrientation="landscape" />
89-->src\main\AndroidManifest.xml:84:13-50
90        <activity
90-->src\main\AndroidManifest.xml:85:9-88:53
91            android:name="com.dnake.security.SceneLabel"
91-->src\main\AndroidManifest.xml:86:13-39
92            android:launchMode="singleTask"
92-->src\main\AndroidManifest.xml:87:13-44
93            android:screenOrientation="landscape" />
93-->src\main\AndroidManifest.xml:88:13-50
94        <activity
94-->src\main\AndroidManifest.xml:89:9-92:53
95            android:name="com.dnake.security.SetupLabel"
95-->src\main\AndroidManifest.xml:90:13-39
96            android:launchMode="singleTask"
96-->src\main\AndroidManifest.xml:91:13-44
97            android:screenOrientation="landscape" />
97-->src\main\AndroidManifest.xml:92:13-50
98        <activity
98-->src\main\AndroidManifest.xml:93:9-96:53
99            android:name="com.dnake.security.AlarmLabel"
99-->src\main\AndroidManifest.xml:94:13-39
100            android:launchMode="singleTask"
100-->src\main\AndroidManifest.xml:95:13-44
101            android:screenOrientation="landscape" />
101-->src\main\AndroidManifest.xml:96:13-50
102        <activity
102-->src\main\AndroidManifest.xml:97:9-100:53
103            android:name="com.dnake.security.IpcLabel"
103-->src\main\AndroidManifest.xml:98:13-37
104            android:launchMode="singleTask"
104-->src\main\AndroidManifest.xml:99:13-44
105            android:screenOrientation="landscape" />
105-->src\main\AndroidManifest.xml:100:13-50
106    </application>
107
108</manifest>